The system is: Windows - 10.0.17763 - AMD64
Compiling the C compiler identification source file "CMakeCCompilerId.c" succeeded.
Compiler: D:/software/VS2022/software/VC/Tools/MSVC/14.38.33130/bin/Hostx64/x64/cl.exe 
Build flags: 
Id flags:  

The output was:
0
用于 x64 的 Microsoft (R) C/C++ 优化编译器 19.38.33135 版
版权所有(C) Microsoft Corporation。保留所有权利。

CMakeCCompilerId.c
Microsoft (R) Incremental Linker Version 14.38.33135.0
Copyright (C) Microsoft Corporation.  All rights reserved.

/out:CMakeCCompilerId.exe 
CMakeCCompilerId.obj 


Compilation of the C compiler identification source "CMakeCCompilerId.c" produced "CMakeCCompilerId.exe"

Compilation of the C compiler identification source "CMakeCCompilerId.c" produced "CMakeCCompilerId.obj"

The C compiler identification is MSVC, found in "D:/thor/2024/leetcode/day2/untitled/cmake-build-debug/CMakeFiles/3.25.0/CompilerIdC/CMakeCCompilerId.exe"

Compiling the CXX compiler identification source file "CMakeCXXCompilerId.cpp" succeeded.
Compiler: D:/software/VS2022/software/VC/Tools/MSVC/14.38.33130/bin/Hostx64/x64/cl.exe 
Build flags: 
Id flags:  

The output was:
0
用于 x64 的 Microsoft (R) C/C++ 优化编译器 19.38.33135 版
版权所有(C) Microsoft Corporation。保留所有权利。

CMakeCXXCompilerId.cpp
Microsoft (R) Incremental Linker Version 14.38.33135.0
Copyright (C) Microsoft Corporation.  All rights reserved.

/out:CMakeCXXCompilerId.exe 
CMakeCXXCompilerId.obj 


Compilation of the CXX compiler identification source "CMakeCXXCompilerId.cpp" produced "CMakeCXXCompilerId.exe"

Compilation of the CXX compiler identification source "CMakeCXXCompilerId.cpp" produced "CMakeCXXCompilerId.obj"

The CXX compiler identification is MSVC, found in "D:/thor/2024/leetcode/day2/untitled/cmake-build-debug/CMakeFiles/3.25.0/CompilerIdCXX/CMakeCXXCompilerId.exe"

Determining if the C compiler works passed with the following output:
Change Dir: D:/thor/2024/leetcode/day2/untitled/cmake-build-debug/CMakeFiles/CMakeScratch/TryCompile-zmsxpj

Run Build Command(s):C:/Program Files/JetBrains/CLion 2023.3.3/bin/ninja/win/x64/ninja.exe cmTC_8d300 && [1/2] Building C object CMakeFiles\cmTC_8d300.dir\testCCompiler.c.obj
[2/2] Linking C executable cmTC_8d300.exe



Determining if the C++ compiler works passed with the following output:
Change Dir: D:/thor/2024/leetcode/day2/untitled/cmake-build-debug/CMakeFiles/CMakeScratch/TryCompile-mv3ufr

Run Build Command(s):C:/Program Files/JetBrains/CLion 2023.3.3/bin/ninja/win/x64/ninja.exe cmTC_804b7 && [1/4] Scanning D:\thor\2024\leetcode\day2\untitled\cmake-build-debug\CMakeFiles\CMakeScratch\TryCompile-mv3ufr\testCXXCompiler.cxx for CXX dependencies
[2/4] Generating CXX dyndep file CMakeFiles\cmTC_804b7.dir\CXX.dd
[3/4] Building CXX object CMakeFiles\cmTC_804b7.dir\testCXXCompiler.cxx.obj
[4/4] Linking CXX executable cmTC_804b7.exe



